\BOOKMARK [1][-]{chapter*.2}{\376\377\000\040\000D\000e\000d\000i\000c\000a\000t\000i\000o\000n\000s\000\040}{}% 1
\BOOKMARK [1][-]{chapter*.3}{\376\377\000\040\000A\000c\000k\000n\000o\000w\000l\000e\000d\000g\000e\000m\000e\000n\000t\000s\000\040}{}% 2
\BOOKMARK [1][-]{chapter*.3}{\376\377\000\040\000T\000a\000b\000l\000e\000\040\000o\000f\000\040\000C\000o\000n\000t\000e\000n\000t\000s\000\040}{}% 3
\BOOKMARK [1][-]{chapter*.5}{\376\377\000\040\000L\000i\000s\000t\000\040\000o\000f\000\040\000S\000y\000m\000b\000o\000l\000s\000\040}{}% 4
\BOOKMARK [1][-]{chapter*.6}{\376\377\000\040\000L\000i\000s\000t\000\040\000o\000f\000\040\000A\000c\000r\000o\000n\000y\000m\000s\000\040}{}% 5
\BOOKMARK [1][-]{chapter*.6}{\376\377\000\040\000L\000i\000s\000t\000\040\000o\000f\000\040\000T\000a\000b\000l\000e\000s\000\040}{}% 6
\BOOKMARK [1][-]{section*.7}{\376\377\000\040\000L\000i\000s\000t\000\040\000o\000f\000\040\000F\000i\000g\000u\000r\000e\000s\000\040}{}% 7
\BOOKMARK [1][-]{chapter*.9}{\376\377\000\040\000R\000\351\000s\000u\000m\000\351\000\040}{}% 8
\BOOKMARK [1][-]{chapter*.11}{\376\377\000\040\000A\000b\000s\000t\000r\000a\000c\000t\000\040}{}% 9
\BOOKMARK [0][-]{chapter*.12}{\376\377\000\040\000G\000e\000n\000e\000r\000a\000l\000\040\000i\000n\000t\000r\000o\000d\000u\000c\000t\000i\000o\000n\000\040}{}% 10
\BOOKMARK [1][-]{section*.13}{\376\377\000\040\000C\000o\000n\000t\000e\000x\000t\000\040\000o\000f\000\040\000w\000o\000r\000k\000\040}{chapter*.12}% 11
\BOOKMARK [1][-]{section*.14}{\376\377\000\040\000P\000r\000o\000b\000l\000e\000m\000\040\000s\000t\000a\000t\000e\000m\000e\000n\000t\000\040}{chapter*.12}% 12
\BOOKMARK [1][-]{section*.15}{\376\377\000\040\000R\000e\000s\000e\000a\000r\000c\000h\000\040\000h\000y\000p\000o\000t\000h\000e\000s\000i\000s\000\040}{chapter*.12}% 13
\BOOKMARK [1][-]{section*.16}{\376\377\000\040\000\040\000O\000b\000j\000e\000c\000t\000i\000v\000e\000s\000\040}{chapter*.12}% 14
\BOOKMARK [1][-]{section*.17}{\376\377\000\040\000O\000u\000r\000\040\000c\000o\000n\000t\000r\000i\000b\000u\000t\000i\000o\000n\000\040}{chapter*.12}% 15
\BOOKMARK [1][-]{section*.18}{\376\377\000\040\000W\000o\000r\000k\000\040\000o\000u\000t\000l\000i\000n\000e\000\040}{chapter*.12}% 16
\BOOKMARK [0][-]{chapter.1}{\376\377\000I\000\040\000D\000o\000m\000a\000i\000n\000\040\000N\000a\000m\000e\000\040\000S\000y\000s\000t\000e\000m\000\040\000a\000n\000d\000\040\000M\000a\000c\000h\000i\000n\000e\000\040\000L\000e\000a\000r\000n\000i\000n\000g}{}% 17
\BOOKMARK [1][-]{section.1.1}{\376\377\000I\000.\0001\000\040\000I\000n\000t\000r\000o\000d\000u\000c\000t\000i\000o\000n}{chapter.1}% 18
\BOOKMARK [1][-]{section.1.2}{\376\377\000I\000.\0002\000\040\000O\000v\000e\000r\000v\000i\000e\000w\000\040\000o\000f\000\040\000D\000N\000S}{chapter.1}% 19
\BOOKMARK [2][-]{subsection.1.2.1}{\376\377\000I\000.\0002\000.\0001\000\040\000B\000a\000s\000i\000c\000\040\000c\000o\000n\000c\000e\000p\000t\000s}{section.1.2}% 20
\BOOKMARK [2][-]{subsection.1.2.2}{\376\377\000I\000.\0002\000.\0002\000\040\000D\000N\000S\000\040\000h\000i\000e\000r\000a\000r\000c\000h\000y\000:}{section.1.2}% 21
\BOOKMARK [2][-]{subsection.1.2.3}{\376\377\000I\000.\0002\000.\0003\000\040\000D\000N\000S\000-\000c\000o\000m\000p\000o\000n\000e\000n\000t\000s}{section.1.2}% 22
\BOOKMARK [2][-]{subsection.1.2.4}{\376\377\000I\000.\0002\000.\0004\000\040\000D\000N\000S\000\040\000r\000e\000c\000o\000r\000d\000s\000:}{section.1.2}% 23
\BOOKMARK [2][-]{subsection.1.2.5}{\376\377\000I\000.\0002\000.\0005\000\040\000D\000N\000S\000\040\000a\000n\000o\000m\000a\000l\000i\000e\000s}{section.1.2}% 24
\BOOKMARK [3][-]{subsubsection.1.2.5.1}{\376\377\000I\000.\0002\000.\0005\000.\0001\000\040\000\040\000P\000o\000i\000n\000t\000\040\000a\000n\000o\000m\000a\000l\000y}{subsection.1.2.5}% 25
\BOOKMARK [3][-]{subsubsection.1.2.5.2}{\376\377\000I\000.\0002\000.\0005\000.\0002\000\040\000\040\000C\000o\000n\000t\000e\000x\000t\000u\000a\000l\000\040\000a\000n\000o\000m\000a\000l\000y}{subsection.1.2.5}% 26
\BOOKMARK [3][-]{subsubsection.1.2.5.3}{\376\377\000I\000.\0002\000.\0005\000.\0003\000\040\000\040\000C\000o\000l\000l\000e\000c\000t\000i\000v\000e\000\040\000a\000n\000o\000m\000a\000l\000y}{subsection.1.2.5}% 27
\BOOKMARK [3][-]{subsubsection.1.2.5.4}{\376\377\000I\000.\0002\000.\0005\000.\0004\000\040\000\040\000S\000e\000a\000s\000o\000n\000a\000l\000\040\000a\000n\000o\000m\000a\000l\000y}{subsection.1.2.5}% 28
\BOOKMARK [3][-]{subsubsection.1.2.5.5}{\376\377\000I\000.\0002\000.\0005\000.\0005\000\040\000\040\000S\000p\000a\000t\000i\000a\000l\000\040\000a\000n\000o\000m\000a\000l\000y}{subsection.1.2.5}% 29
\BOOKMARK [3][-]{subsubsection.1.2.5.6}{\376\377\000I\000.\0002\000.\0005\000.\0006\000\040\000\040\000B\000e\000h\000a\000v\000i\000o\000r\000a\000l\000\040\000a\000n\000o\000m\000a\000l\000y}{subsection.1.2.5}% 30
\BOOKMARK [2][-]{subsection.1.2.6}{\376\377\000I\000.\0002\000.\0006\000\040\000D\000N\000S\000\040\000A\000t\000t\000a\000c\000k\000s}{section.1.2}% 31
\BOOKMARK [3][-]{subsubsection.1.2.6.1}{\376\377\000I\000.\0002\000.\0006\000.\0001\000\040\000M\000a\000n\000-\000i\000n\000-\000t\000h\000e\000-\000m\000i\000d\000d\000l\000e\000\040\000\050\000M\000i\000t\000M\000\051\000\040\000a\000t\000t\000a\000c\000k}{subsection.1.2.6}% 32
\BOOKMARK [3][-]{subsubsection.1.2.6.2}{\376\377\000I\000.\0002\000.\0006\000.\0002\000\040\000D\000N\000S\000\040\000S\000p\000o\000o\000f\000i\000n\000g\000\040\000\050\000D\000N\000S\000\040\000C\000a\000c\000h\000e\000\040\000P\000o\000i\000s\000o\000n\000i\000n\000g\000\051}{subsection.1.2.6}% 33
\BOOKMARK [3][-]{subsubsection.1.2.6.3}{\376\377\000I\000.\0002\000.\0006\000.\0003\000\040\000D\000o\000S\000\040\000a\000n\000d\000\040\000D\000D\000o\000s\000\040\000a\000t\000t\000a\000c\000k\000s}{subsection.1.2.6}% 34
\BOOKMARK [3][-]{subsubsection.1.2.6.4}{\376\377\000I\000.\0002\000.\0006\000.\0004\000\040\000D\000N\000S\000\040\000T\000u\000n\000n\000e\000l\000i\000n\000g}{subsection.1.2.6}% 35
\BOOKMARK [3][-]{subsubsection.1.2.6.5}{\376\377\000I\000.\0002\000.\0006\000.\0005\000\040\000C\000a\000c\000h\000e\000\040\000P\000o\000i\000s\000o\000n\000i\000n\000g}{subsection.1.2.6}% 36
\BOOKMARK [1][-]{section.1.3}{\376\377\000I\000.\0003\000\040\000T\000y\000p\000e\000s\000\040\000o\000f\000\040\000A\000r\000t\000i\000f\000i\000c\000i\000a\000l\000\040\000I\000n\000t\000e\000l\000l\000i\000g\000e\000n\000c\000e}{chapter.1}% 37
\BOOKMARK [2][-]{subsection.1.3.1}{\376\377\000I\000.\0003\000.\0001\000\040\000W\000e\000a\000k\000\040\000A\000r\000t\000i\000f\000i\000c\000i\000a\000l\000\040\000I\000n\000t\000e\000l\000l\000i\000g\000e\000n\000c\000e}{section.1.3}% 38
\BOOKMARK [2][-]{subsection.1.3.2}{\376\377\000I\000.\0003\000.\0002\000\040\000S\000t\000r\000o\000n\000g\000\040\000o\000r\000\040\000G\000e\000n\000e\000r\000a\000l\000\040\000A\000r\000t\000i\000f\000i\000c\000i\000a\000l\000\040\000I\000n\000t\000e\000l\000l\000i\000g\000e\000n\000c\000e}{section.1.3}% 39
\BOOKMARK [1][-]{section.1.4}{\376\377\000I\000.\0004\000\040\000M\000a\000c\000h\000i\000n\000e\000\040\000L\000e\000a\000r\000n\000i\000n\000g}{chapter.1}% 40
\BOOKMARK [2][-]{subsection.1.4.1}{\376\377\000I\000.\0004\000.\0001\000\040\000S\000u\000p\000e\000r\000v\000i\000s\000e\000d\000\040\000L\000e\000a\000r\000n\000i\000n\000g}{section.1.4}% 41
\BOOKMARK [2][-]{subsection.1.4.2}{\376\377\000I\000.\0004\000.\0002\000\040\000U\000n\000s\000u\000p\000e\000r\000v\000i\000s\000e\000d\000\040\000L\000e\000a\000r\000n\000i\000n\000g}{section.1.4}% 42
\BOOKMARK [2][-]{subsection.1.4.3}{\376\377\000I\000.\0004\000.\0003\000\040\000S\000e\000m\000i\000-\000s\000u\000p\000e\000r\000v\000i\000s\000e\000d\000\040\000L\000e\000a\000r\000n\000i\000n\000g}{section.1.4}% 43
\BOOKMARK [2][-]{subsection.1.4.4}{\376\377\000I\000.\0004\000.\0004\000\040\000R\000e\000i\000n\000f\000o\000r\000c\000e\000m\000e\000n\000t\000\040\000L\000e\000a\000r\000n\000i\000n\000g}{section.1.4}% 44
\BOOKMARK [1][-]{section.1.5}{\376\377\000I\000.\0005\000\040\000D\000a\000t\000a\000\040\000M\000i\000n\000i\000n\000g}{chapter.1}% 45
\BOOKMARK [2][-]{subsection.1.5.1}{\376\377\000I\000.\0005\000.\0001\000\040\000D\000a\000t\000a\000\040\000M\000i\000n\000i\000n\000g\000\040\000P\000r\000o\000c\000e\000s\000s\000\040\000a\000n\000d\000\040\000O\000p\000e\000r\000a\000t\000i\000o\000n}{section.1.5}% 46
\BOOKMARK [2][-]{subsection.1.5.2}{\376\377\000I\000.\0005\000.\0002\000\040\000D\000a\000t\000a\000\040\000M\000i\000n\000i\000n\000g\000\040\000T\000e\000c\000h\000n\000i\000q\000u\000e\000s}{section.1.5}% 47
\BOOKMARK [2][-]{subsection.1.5.3}{\376\377\000I\000.\0005\000.\0003\000\040\000I\000m\000p\000o\000r\000t\000a\000n\000c\000e\000\040\000o\000f\000\040\000D\000a\000t\000a\000\040\000M\000i\000n\000i\000n\000g}{section.1.5}% 48
\BOOKMARK [2][-]{subsection.1.5.4}{\376\377\000I\000.\0005\000.\0004\000\040\000A\000p\000p\000l\000i\000c\000a\000t\000i\000o\000n\000s\000\040\000o\000f\000\040\000D\000a\000t\000a\000\040\000M\000i\000n\000i\000n\000g}{section.1.5}% 49
\BOOKMARK [1][-]{section.1.6}{\376\377\000I\000.\0006\000\040\000C\000o\000n\000c\000l\000u\000s\000i\000o\000n}{chapter.1}% 50
\BOOKMARK [0][-]{chapter.2}{\376\377\000I\000I\000\040\000S\000t\000a\000t\000e\000\040\000o\000f\000\040\000t\000h\000e\000\040\000A\000r\000t\000\040\000o\000n\000\040\000A\000n\000o\000m\000a\000l\000y\000\040\000D\000e\000t\000e\000c\000t\000i\000o\000n\000\040\000i\000n\000\040\000D\000N\000S\000\040\000T\000r\000a\000n\000s\000a\000c\000t\000i\000o\000n\000s}{}% 51
\BOOKMARK [1][-]{section.2.1}{\376\377\000I\000I\000.\0001\000\040\000I\000n\000t\000r\000o\000d\000u\000c\000t\000i\000o\000n}{chapter.2}% 52
\BOOKMARK [1][-]{section.2.2}{\376\377\000I\000I\000.\0002\000\040\000T\000r\000a\000d\000i\000t\000i\000o\000n\000a\000l\000\040\000A\000n\000o\000m\000a\000l\000y\000\040\000D\000e\000t\000e\000c\000t\000i\000o\000n\000\040\000T\000e\000c\000h\000n\000i\000q\000u\000e\000s}{chapter.2}% 53
\BOOKMARK [2][-]{subsection.2.2.1}{\376\377\000I\000I\000.\0002\000.\0001\000\040\000s\000i\000g\000n\000a\000t\000u\000r\000e\000-\000b\000a\000s\000e\000d\000\040\000s\000y\000s\000t\000e\000m}{section.2.2}% 54
\BOOKMARK [2][-]{subsection.2.2.2}{\376\377\000I\000I\000.\0002\000.\0002\000\040\000s\000t\000a\000t\000i\000s\000t\000i\000c\000a\000l\000\040\000m\000e\000t\000h\000o\000d\000s}{section.2.2}% 55
\BOOKMARK [1][-]{section.2.3}{\376\377\000I\000I\000.\0003\000\040\000M\000a\000c\000h\000i\000n\000e\000\040\000L\000e\000a\000r\000n\000i\000n\000g\000-\000B\000a\000s\000e\000d\000\040\000T\000e\000c\000h\000n\000i\000q\000u\000e\000s\000\040\000i\000n\000\040\000b\000i\000n\000a\000r\000y\000\040\000a\000n\000d\000\040\000m\000u\000l\000t\000i\000p\000l\000e\000\040\000c\000l\000a\000s\000s\000i\000f\000i\000c\000a\000t\000i\000o\000n}{chapter.2}% 56
\BOOKMARK [1][-]{section.2.4}{\376\377\000I\000I\000.\0004\000\040\000S\000u\000p\000e\000r\000v\000i\000s\000e\000d\000\040\000m\000a\000c\000h\000i\000n\000e\000\040\000l\000e\000a\000r\000n\000i\000n\000g\000\040\000s\000o\000l\000u\000t\000i\000o\000n\000\040\000o\000f\000\040\000b\000i\000n\000a\000r\000y\000\040\000c\000l\000a\000s\000s\000i\000f\000i\000c\000a\000t\000i\000o\000n\000\040\000o\000f\000\040\000;\000;\000;\000;}{chapter.2}% 57
\BOOKMARK [1][-]{section.2.5}{\376\377\000I\000I\000.\0005\000\040\000s\000u\000p\000e\000r\000v\000i\000s\000e\000d\000\040\000l\000e\000a\000r\000n\000i\000n\000g\000\040\000s\000o\000l\000u\000t\000i\000o\000n\000\040\000o\000f\000\040\000m\000u\000l\000t\000i\000p\000l\000e\000\040\000c\000l\000a\000s\000s\000i\000f\000i\000c\000a\000t\000i\000o\000n\000\040\000o\000f\000\040\000b\000a\000k\000r\000o\000\040\000e\000t\000\040\000a\000l\000.}{chapter.2}% 58
\BOOKMARK [2][-]{subsection.2.5.1}{\376\377\000I\000I\000.\0005\000.\0001\000\040\000p\000e\000r\000f\000o\000r\000m\000a\000n\000c\000e\000\040\000m\000e\000t\000r\000i\000c\000s}{section.2.5}% 59
\BOOKMARK [1][-]{section.2.6}{\376\377\000I\000I\000.\0006\000\040\000C\000o\000n\000c\000l\000u\000s\000i\000o\000n}{chapter.2}% 60
\BOOKMARK [0][-]{chapter.3}{\376\377\000I\000I\000I\000\040\000C\000o\000n\000t\000r\000i\000b\000u\000t\000i\000o\000n\000\040\000t\000o\000\040\000M\000a\000c\000h\000i\000n\000e\000\040\000L\000e\000a\000r\000n\000i\000n\000g\000-\000B\000a\000s\000e\000d\000\040\000A\000n\000o\000m\000a\000l\000y\000\040\000D\000e\000t\000e\000c\000t\000i\000o\000n\000\040\000f\000o\000r\000\040\000D\000N\000S\000\040\000T\000r\000a\000n\000s\000a\000c\000t\000i\000o\000n\000s}{}% 61
\BOOKMARK [1][-]{section.3.1}{\376\377\000I\000I\000I\000.\0001\000\040\000I\000n\000t\000r\000o\000d\000u\000c\000t\000i\000o\000n}{chapter.3}% 62
\BOOKMARK [1][-]{section.3.2}{\376\377\000I\000I\000I\000.\0002\000\040\000C\000o\000n\000t\000r\000i\000b\000u\000t\000i\000o\000n\000\040\000T\000o\000\040\000B\000i\000n\000a\000r\000y\000\040\000C\000l\000a\000s\000s\000i\000f\000i\000c\000a\000t\000i\000o\000n}{chapter.3}% 63
\BOOKMARK [2][-]{subsection.3.2.1}{\376\377\000I\000I\000I\000.\0002\000.\0001\000\040\000d\000a\000t\000a\000s\000e\000t\000s\000\040\000a\000n\000d\000\040\000d\000e\000s\000c\000r\000i\000p\000t\000i\000o\000n}{section.3.2}% 64
\BOOKMARK [2][-]{subsection.3.2.2}{\376\377\000I\000I\000I\000.\0002\000.\0002\000\040\000m\000o\000d\000e\000l\000\040\000a\000r\000c\000h\000i\000t\000e\000c\000t\000u\000r\000e\000\040\000a\000n\000d\000\040\000d\000e\000s\000c\000r\000i\000p\000t\000i\000o\000n}{section.3.2}% 65
\BOOKMARK [2][-]{subsection.3.2.3}{\376\377\000I\000I\000I\000.\0002\000.\0003\000\040\000A\000r\000c\000h\000i\000t\000e\000c\000t\000u\000r\000e\000\040\000d\000e\000s\000c\000r\000i\000p\000t\000i\000o\000n\000\040\000a\000n\000d\000\040\000p\000r\000e\000p\000r\000o\000c\000e\000s\000s\000i\000n\000g}{section.3.2}% 66
\BOOKMARK [3][-]{subsubsection.3.2.3.1}{\376\377\000I\000I\000I\000.\0002\000.\0003\000.\0001\000\040\000R\000e\000a\000d\000\040\000d\000a\000t\000a\000\040\000f\000r\000o\000m\000\040\000d\000a\000t\000a\000s\000e\000t}{subsection.3.2.3}% 67
\BOOKMARK [3][-]{subsubsection.3.2.3.2}{\376\377\000I\000I\000I\000.\0002\000.\0003\000.\0002\000\040\000M\000a\000p\000p\000i\000n\000g\000\040\000c\000l\000a\000s\000s\000e\000s}{subsection.3.2.3}% 68
\BOOKMARK [3][-]{subsubsection.3.2.3.3}{\376\377\000I\000I\000I\000.\0002\000.\0003\000.\0003\000\040\000F\000e\000a\000t\000u\000r\000e\000\040\000S\000e\000l\000e\000c\000t\000i\000o\000n\000\040\000P\000r\000o\000c\000e\000s\000s}{subsection.3.2.3}% 69
\BOOKMARK [2][-]{subsection.3.2.4}{\376\377\000I\000I\000I\000.\0002\000.\0004\000\040\000M\000o\000d\000e\000l\000\040\000D\000e\000v\000e\000l\000o\000p\000m\000e\000n\000t\000\040\000a\000n\000d\000\040\000T\000r\000a\000i\000n\000i\000n\000g}{section.3.2}% 70
\BOOKMARK [3][-]{subsubsection.3.2.4.1}{\376\377\000I\000I\000I\000.\0002\000.\0004\000.\0001\000\040\000S\000e\000l\000e\000c\000t\000i\000o\000n\000\040\000o\000f\000\040\000M\000a\000c\000h\000i\000n\000e\000\040\000L\000e\000a\000r\000n\000i\000n\000g\000\040\000A\000l\000g\000o\000r\000i\000t\000h\000m\000s}{subsection.3.2.4}% 71
\BOOKMARK [3][-]{subsubsection.3.2.4.2}{\376\377\000I\000I\000I\000.\0002\000.\0004\000.\0002\000\040\000T\000r\000a\000i\000n\000i\000n\000g\000\040\000P\000r\000o\000c\000e\000s\000s}{subsection.3.2.4}% 72
\BOOKMARK [3][-]{subsubsection.3.2.4.3}{\376\377\000I\000I\000I\000.\0002\000.\0004\000.\0003\000\040\000H\000y\000p\000e\000r\000p\000a\000r\000a\000m\000e\000t\000e\000r\000\040\000T\000u\000n\000i\000n\000g}{subsection.3.2.4}% 73
\BOOKMARK [3][-]{subsubsection.3.2.4.4}{\376\377\000I\000I\000I\000.\0002\000.\0004\000.\0004\000\040\000E\000v\000a\000l\000u\000a\000t\000i\000o\000n\000\040\000M\000e\000t\000r\000i\000c\000s}{subsection.3.2.4}% 74
\BOOKMARK [2][-]{subsection.3.2.5}{\376\377\000I\000I\000I\000.\0002\000.\0005\000\040\000M\000o\000d\000e\000l\000\040\000P\000e\000r\000f\000o\000r\000m\000a\000n\000c\000e\000\040\000a\000n\000d\000\040\000R\000e\000s\000u\000l\000t\000s}{section.3.2}% 75
\BOOKMARK [3][-]{subsubsection.3.2.5.1}{\376\377\000I\000I\000I\000.\0002\000.\0005\000.\0001\000\040\000C\000o\000n\000f\000u\000s\000i\000o\000n\000\040\000M\000a\000t\000r\000i\000x}{subsection.3.2.5}% 76
\BOOKMARK [3][-]{subsubsection.3.2.5.2}{\376\377\000I\000I\000I\000.\0002\000.\0005\000.\0002\000\040\000E\000v\000a\000l\000u\000a\000t\000i\000o\000n\000\040\000M\000e\000t\000r\000i\000c\000s}{subsection.3.2.5}% 77
\BOOKMARK [3][-]{subsubsection.3.2.5.3}{\376\377\000I\000I\000I\000.\0002\000.\0005\000.\0003\000\040\000D\000e\000p\000l\000o\000y\000m\000e\000n\000t\000\040\000C\000o\000n\000s\000i\000d\000e\000r\000a\000t\000i\000o\000n\000s}{subsection.3.2.5}% 78
\BOOKMARK [1][-]{section.3.3}{\376\377\000I\000I\000I\000.\0003\000\040\000C\000o\000n\000t\000r\000i\000b\000u\000t\000i\000o\000n\000\040\000T\000o\000\040\000M\000u\000l\000t\000i\000p\000l\000e\000\040\000C\000l\000a\000s\000s\000i\000f\000i\000c\000a\000t\000i\000o\000n}{chapter.3}% 79
\BOOKMARK [2][-]{subsection.3.3.1}{\376\377\000I\000I\000I\000.\0003\000.\0001\000\040\000B\000i\000n\000a\000r\000y\000\040\000D\000a\000t\000a\000s\000e\000t\000s\000\040\000a\000n\000d\000\040\000d\000e\000s\000c\000r\000i\000p\000t\000i\000o\000n}{section.3.3}% 80
\BOOKMARK [2][-]{subsection.3.3.2}{\376\377\000I\000I\000I\000.\0003\000.\0002\000\040\000M\000o\000d\000e\000l\000\040\000a\000r\000c\000h\000i\000t\000e\000c\000t\000u\000r\000e\000\040\000a\000n\000d\000\040\000d\000e\000s\000c\000r\000i\000p\000t\000i\000o\000n}{section.3.3}% 81
\BOOKMARK [2][-]{subsection.3.3.3}{\376\377\000I\000I\000I\000.\0003\000.\0003\000\040\000D\000a\000t\000a\000\040\000I\000n\000g\000e\000s\000t\000i\000o\000n\000\040\000a\000n\000d\000\040\000P\000r\000e\000p\000r\000o\000c\000e\000s\000s\000i\000n\000g}{section.3.3}% 82
\BOOKMARK [2][-]{subsection.3.3.4}{\376\377\000I\000I\000I\000.\0003\000.\0004\000\040\000E\000x\000p\000l\000o\000r\000a\000t\000o\000r\000y\000\040\000D\000a\000t\000a\000\040\000A\000n\000a\000l\000y\000s\000i\000s}{section.3.3}% 83
\BOOKMARK [2][-]{subsection.3.3.5}{\376\377\000I\000I\000I\000.\0003\000.\0005\000\040\000F\000e\000a\000t\000u\000r\000e\000\040\000E\000n\000g\000i\000n\000e\000e\000r\000i\000n\000g}{section.3.3}% 84
\BOOKMARK [2][-]{subsection.3.3.6}{\376\377\000I\000I\000I\000.\0003\000.\0006\000\040\000C\000l\000u\000s\000t\000e\000r\000i\000n\000g\000\040\000A\000l\000g\000o\000r\000i\000t\000h\000m}{section.3.3}% 85
\BOOKMARK [2][-]{subsection.3.3.7}{\376\377\000I\000I\000I\000.\0003\000.\0007\000\040\000R\000e\000s\000u\000l\000t\000s\000\040\000o\000f\000\040\000C\000l\000u\000s\000t\000e\000r\000i\000n\000g\000\040\000a\000n\000d\000\040\000L\000a\000b\000e\000l\000i\000n\000g}{section.3.3}% 86
\BOOKMARK [2][-]{subsection.3.3.8}{\376\377\000I\000I\000I\000.\0003\000.\0008\000\040\000M\000o\000d\000e\000l\000\040\000T\000r\000a\000i\000n\000i\000n\000g\000\040\000a\000n\000d\000\040\000E\000v\000a\000l\000u\000a\000t\000i\000o\000n}{section.3.3}% 87
\BOOKMARK [1][-]{section.3.4}{\376\377\000I\000I\000I\000.\0004\000\040\000R\000e\000s\000u\000l\000t\000s\000\040\000a\000n\000d\000\040\000d\000i\000s\000c\000u\000s\000s\000i\000o\000n\000s}{chapter.3}% 88
\BOOKMARK [2][-]{subsubsection.3.4.0.1}{\376\377\000I\000I\000I\000.\0004\000.\0000\000.\0001\000\040\000P\000e\000r\000f\000o\000r\000m\000a\000n\000c\000e\000\040\000m\000e\000t\000r\000i\000c\000s}{section.3.4}% 89
\BOOKMARK [3][-]{subsubsection.3.4.0.2}{\376\377\000I\000I\000I\000.\0004\000.\0000\000.\0002\000\040\000E\000v\000a\000l\000u\000a\000t\000i\000o\000n\000\040\000a\000p\000p\000r\000o\000a\000c\000h}{subsubsection.3.4.0.1}% 90
\BOOKMARK [3][-]{subsubsection.3.4.0.3}{\376\377\000I\000I\000I\000.\0004\000.\0000\000.\0003\000\040\000C\000o\000m\000p\000a\000r\000i\000s\000o\000n\000\040\000w\000i\000t\000h\000\040\000r\000e\000l\000a\000t\000e\000d\000\040\000w\000o\000r\000k}{subsubsection.3.4.0.1}% 91
\BOOKMARK [1][-]{section.3.5}{\376\377\000I\000I\000I\000.\0005\000\040\000O\000v\000e\000r\000a\000l\000l\000\040\000C\000o\000m\000p\000a\000r\000i\000s\000o\000n\000\040\000A\000n\000d\000\040\000D\000i\000s\000c\000u\000s\000s\000i\000o\000n}{chapter.3}% 92
\BOOKMARK [2][-]{subsection.3.5.1}{\376\377\000I\000I\000I\000.\0005\000.\0001\000\040\000C\000o\000m\000p\000a\000r\000i\000s\000o\000n\000\040\000o\000f\000\040\000b\000i\000n\000a\000r\000y\000\040\000a\000n\000d\000\040\000m\000u\000l\000t\000i\000p\000l\000e\000\040\000c\000l\000a\000s\000s\000i\000f\000i\000c\000a\000t\000i\000o\000n\000\040\000r\000e\000s\000u\000l\000t\000s}{section.3.5}% 93
\BOOKMARK [1][-]{section.3.6}{\376\377\000I\000I\000I\000.\0006\000\040\000C\000o\000n\000c\000l\000u\000s\000i\000o\000n}{chapter.3}% 94
\BOOKMARK [0][-]{chapter*.56}{\376\377\000\040\000G\000e\000n\000e\000r\000a\000l\000\040\000c\000o\000n\000c\000l\000u\000s\000i\000o\000n\000\040}{}% 95
\BOOKMARK [1][-]{section.3.7}{\376\377\000I\000I\000I\000.\0007\000\040\000P\000r\000o\000b\000l\000e\000m\000\040\000s\000t\000u\000d\000i\000e\000d\000\040\000a\000n\000d\000\040\000M\000e\000t\000h\000o\000d\000o\000l\000o\000g\000i\000c\000a\000l\000\040\000c\000h\000o\000i\000c\000e\000s}{chapter*.56}% 96
\BOOKMARK [1][-]{section.3.8}{\376\377\000I\000I\000I\000.\0008\000\040\000C\000r\000i\000t\000i\000c\000a\000l\000\040\000a\000n\000a\000l\000y\000s\000i\000s\000\040\000o\000f\000\040\000t\000h\000e\000\040\000r\000e\000s\000u\000l\000t\000s\000\040\000o\000b\000t\000a\000i\000n\000e\000d}{chapter*.56}% 97
\BOOKMARK [1][-]{section.3.9}{\376\377\000I\000I\000I\000.\0009\000\040\000F\000u\000t\000u\000r\000e\000\040\000W\000o\000r\000k}{chapter*.56}% 98
\BOOKMARK [0][-]{chapter*.57}{\376\377\000B\000i\000b\000l\000i\000o\000g\000r\000a\000p\000h\000y}{}% 99
